<?xml version="1.0" encoding="UTF-8"?>
<!-- Generated by org.testng.reporters.JUnitReportReporter -->
<testsuite skipped="0" hostname="DESKTOP-UFB4OJL" name="com.qa.hubsport.tests.LoginPageTest" tests="6" failures="0" timestamp="2023-02-13T15:02:06 CST" time="40.153" errors="0">
  <testcase name="verifyLoginPageTitleTest" time="0.048" classname="com.qa.hubsport.tests.LoginPageTest"/>
  <system-out/>
  <testcase name="verifySignUpLinkTest" time="1.952" classname="com.qa.hubsport.tests.LoginPageTest"/>
  <system-out/>
  <testcase name="verifyForgotMyPasswordTest" time="1.989" classname="com.qa.hubsport.tests.LoginPageTest"/>
  <system-out/>
  <testcase name="verifyShowPasswordButtonTest" time="2.329" classname="com.qa.hubsport.tests.LoginPageTest"/>
  <system-out/>
  <testcase name="verifyLoginWithSSOButtonTest" time="3.209" classname="com.qa.hubsport.tests.LoginPageTest"/>
  <system-out/>
  <testcase name="loginTest" time="30.626" classname="com.qa.hubsport.tests.LoginPageTest"/>
  <system-out/>
</testsuite> <!-- com.qa.hubsport.tests.LoginPageTest -->
