<?xml version="1.0" encoding="UTF-8"?>
<!-- Generated by org.testng.reporters.JUnitReportReporter -->
<testsuite hostname="DESKTOP-PEGT69G" failures="0" tests="1" name="com.qa.hubspot.tests.HomePageTest" time="0.002" errors="0" timestamp="01 Mar 2023 05:35:58 GMT" skipped="0">
  <testcase classname="com.qa.hubspot.tests.HomePageTest" name="verifyHomePageHeaderTest" time="0.002"/>
</testsuite> <!-- com.qa.hubspot.tests.HomePageTest -->
