<?xml version="1.0" encoding="UTF-8"?>
<!-- Generated by org.testng.reporters.JUnitReportReporter -->
<testsuite skipped="0" hostname="DESKTOP-UFB4OJL" name="com.qa.hubsport.tests.HomePageTest" tests="3" failures="0" timestamp="2023-02-13T15:44:50 CST" time="0.018" errors="0">
  <testcase name="verifyHomePageHeaderTest" time="0.011" classname="com.qa.hubsport.tests.HomePageTest"/>
  <system-out/>
  <testcase name="verifyHomePageTitleTest" time="0.003" classname="com.qa.hubsport.tests.HomePageTest"/>
  <system-out/>
  <testcase name="verifyLoggedInUserTest" time="0.004" classname="com.qa.hubsport.tests.HomePageTest"/>
  <system-out/>
</testsuite> <!-- com.qa.hubsport.tests.HomePageTest -->
