<?xml version="1.0" encoding="UTF-8"?>
<!-- Generated by org.testng.reporters.JUnitReportReporter -->
<testsuite hostname="DESKTOP-PEGT69G" failures="0" tests="1" name="com.qa.hubspot.tests.LoginPageTest" time="0.037" errors="0" timestamp="01 Mar 2023 05:35:58 GMT" skipped="0">
  <testcase classname="com.qa.hubspot.tests.LoginPageTest" name="verifyLoginPageTitleTest" time="0.037"/>
</testsuite> <!-- com.qa.hubspot.tests.LoginPageTest -->
