<?xml version="1.0" encoding="UTF-8"?>
<!-- Generated by org.testng.reporters.JUnitReportReporter -->
<testsuite skipped="6" hostname="DESKTOP-PEGT69G" name="com.qa.hubspot.tests.LoginPageTest" tests="6" failures="0" timestamp="01 Mar 2023 18:16:25 GMT" time="0.000" errors="0">
  <testcase name="verifyLoginPageTitleTest" time="0.000" classname="com.qa.hubspot.tests.LoginPageTest">
    <skipped/>
  </testcase> <!-- verifyLoginPageTitleTest -->
  <testcase name="verifySignUpLinkTest" time="0.000" classname="com.qa.hubspot.tests.LoginPageTest">
    <skipped/>
  </testcase> <!-- verifySignUpLinkTest -->
  <testcase name="verifyForgotMyPasswordTest" time="0.000" classname="com.qa.hubspot.tests.LoginPageTest">
    <skipped/>
  </testcase> <!-- verifyForgotMyPasswordTest -->
  <testcase name="verifyShowPasswordButtonTest" time="0.000" classname="com.qa.hubspot.tests.LoginPageTest">
    <skipped/>
  </testcase> <!-- verifyShowPasswordButtonTest -->
  <testcase name="verifyLoginWithSSOButtonTest" time="0.000" classname="com.qa.hubspot.tests.LoginPageTest">
    <skipped/>
  </testcase> <!-- verifyLoginWithSSOButtonTest -->
  <testcase name="loginTest" time="0.000" classname="com.qa.hubspot.tests.LoginPageTest">
    <skipped/>
  </testcase> <!-- loginTest -->
</testsuite> <!-- com.qa.hubspot.tests.LoginPageTest -->
